2025-12-26 16:49:13,018 - INFO - Found credentials in shared credentials file: ~/.aws/credentials
2025-12-26 16:49:13,207 - INFO - Starting password status fix process...
2025-12-26 16:49:13,207 - INFO - Retrieving users from pool: eu-west-1_OAT3oPCIm
2025-12-26 16:49:14,167 - INFO - Retrieved 60 users so far...
2025-12-26 16:49:14,285 - INFO - Total users retrieved: 74
2025-12-26 16:49:14,286 - INFO - Found 69 users that need password status fix
2025-12-26 16:49:14,286 - INFO - Processing user 1/69: penningmeester.limburg@h-dcn.nl
2025-12-26 16:49:14,287 - INFO - Fixing password status for: penningmeester.limburg@h-dcn.nl
2025-12-26 16:49:14,819 - ERROR - Error fixing password status for penningmeester.limburg@h-dcn.nl: An error occurred (NotAuthorizedException) when calling the AdminConfirmSignUp operation: User cannot be confirmed. Current status is CONFIRMED
2025-12-26 16:49:15,020 - INFO - Processing user 2/69: activiteiten.duitsland@h-dcn.nl
2025-12-26 16:49:15,020 - INFO - Fixing password status for: activiteiten.duitsland@h-dcn.nl
2025-12-26 16:49:15,552 - ERROR - Error fixing password status for activiteiten.duitsland@h-dcn.nl: An error occurred (NotAuthorizedException) when calling the AdminConfirmSignUp operation: User cannot be confirmed. Current status is CONFIRMED
2025-12-26 16:49:15,754 - INFO - Processing user 3/69: secretaris.noordbrabant-zeeland@h-dcn.nl
2025-12-26 16:49:15,754 - INFO - Fixing password status for: secretaris.noordbrabant-zeeland@h-dcn.nl
2025-12-26 16:49:16,203 - ERROR - Error fixing password status for secretaris.noordbrabant-zeeland@h-dcn.nl: An error occurred (NotAuthorizedException) when calling the AdminConfirmSignUp operation: User cannot be confirmed. Current status is CONFIRMED
2025-12-26 16:49:16,410 - INFO - Processing user 4/69: clubsjop@h-dcn.nl
2025-12-26 16:49:16,410 - INFO - Fixing password status for: clubsjop@h-dcn.nl
2025-12-26 16:49:16,855 - ERROR - Error fixing password status for clubsjop@h-dcn.nl: An error occurred (NotAuthorizedException) when calling the AdminConfirmSignUp operation: User cannot be confirmed. Current status is CONFIRMED
2025-12-26 16:49:17,057 - INFO - Processing user 5/69: secretaris.duitsland@h-dcn.nl
2025-12-26 16:49:17,057 - INFO - Fixing password status for: secretaris.duitsland@h-dcn.nl
2025-12-26 16:49:17,561 - ERROR - Error fixing password status for secretaris.duitsland@h-dcn.nl: An error occurred (NotAuthorizedException) when calling the AdminConfirmSignUp operation: User cannot be confirmed. Current status is CONFIRMED
2025-12-26 16:49:17,762 - INFO - Progress: 5/69 users processed
2025-12-26 16:49:17,763 - INFO - Processing user 6/69: redacteur@h-dcn.nl
2025-12-26 16:49:17,763 - INFO - Fixing password status for: redacteur@h-dcn.nl
2025-12-26 16:49:18,258 - ERROR - Error fixing password status for redacteur@h-dcn.nl: An error occurred (NotAuthorizedException) when calling the AdminConfirmSignUp operation: User cannot be confirmed. Current status is CONFIRMED
2025-12-26 16:49:18,459 - INFO - Processing user 7/69: vice-president@h-dcn.nl
2025-12-26 16:49:18,459 - INFO - Fixing password status for: vice-president@h-dcn.nl
2025-12-26 16:49:18,970 - ERROR - Error fixing password status for vice-president@h-dcn.nl: An error occurred (NotAuthorizedException) when calling the AdminConfirmSignUp operation: User cannot be confirmed. Current status is CONFIRMED
2025-12-26 16:49:19,171 - INFO - Processing user 8/69: nyp@h-dcn.nl
2025-12-26 16:49:19,171 - INFO - Fixing password status for: nyp@h-dcn.nl
2025-12-26 16:49:19,680 - ERROR - Error fixing password status for nyp@h-dcn.nl: An error occurred (NotAuthorizedException) when calling the AdminConfirmSignUp operation: User cannot be confirmed. Current status is CONFIRMED
2025-12-26 16:49:19,882 - INFO - Processing user 9/69: web.friesland@h-dcn.nl
2025-12-26 16:49:19,891 - INFO - Fixing password status for: web.friesland@h-dcn.nl
2025-12-26 16:49:20,334 - ERROR - Error fixing password status for web.friesland@h-dcn.nl: An error occurred (NotAuthorizedException) when calling the AdminConfirmSignUp operation: User cannot be confirmed. Current status is CONFIRMED
2025-12-26 16:49:20,536 - INFO - Processing user 10/69: penningmeester.zuid-holland@h-dcn.nl
2025-12-26 16:49:20,536 - INFO - Fixing password status for: penningmeester.zuid-holland@h-dcn.nl
2025-12-26 16:49:20,936 - ERROR - Error fixing password status for penningmeester.zuid-holland@h-dcn.nl: An error occurred (NotAuthorizedException) when calling the AdminConfirmSignUp operation: User cannot be confirmed. Current status is CONFIRMED
2025-12-26 16:49:21,137 - INFO - Progress: 10/69 users processed
2025-12-26 16:49:21,138 - INFO - Processing user 11/69: ledenadministratie@h-dcn.nl
2025-12-26 16:49:21,138 - INFO - Fixing password status for: ledenadministratie@h-dcn.nl
2025-12-26 16:49:21,534 - ERROR - Error fixing password status for ledenadministratie@h-dcn.nl: An error occurred (NotAuthorizedException) when calling the AdminConfirmSignUp operation: User cannot be confirmed. Current status is CONFIRMED
2025-12-26 16:49:21,735 - INFO - Processing user 12/69: hulpje.penningmeester@h-dcn.nl
2025-12-26 16:49:21,736 - INFO - Fixing password status for: hulpje.penningmeester@h-dcn.nl
2025-12-26 16:49:22,182 - ERROR - Error fixing password status for hulpje.penningmeester@h-dcn.nl: An error occurred (NotAuthorizedException) when calling the AdminConfirmSignUp operation: User cannot be confirmed. Current status is CONFIRMED
2025-12-26 16:49:22,384 - INFO - Processing user 13/69: president@h-dcn.nl
2025-12-26 16:49:22,385 - INFO - Fixing password status for: president@h-dcn.nl
2025-12-26 16:49:22,753 - ERROR - Error fixing password status for president@h-dcn.nl: An error occurred (NotAuthorizedException) when calling the AdminConfirmSignUp operation: User cannot be confirmed. Current status is CONFIRMED
2025-12-26 16:49:22,954 - INFO - Processing user 14/69: secretaris.friesland@h-dcn.nl
2025-12-26 16:49:22,954 - INFO - Fixing password status for: secretaris.friesland@h-dcn.nl
2025-12-26 16:49:23,381 - ERROR - Error fixing password status for secretaris.friesland@h-dcn.nl: An error occurred (NotAuthorizedException) when calling the AdminConfirmSignUp operation: User cannot be confirmed. Current status is CONFIRMED
2025-12-26 16:49:23,582 - INFO - Processing user 15/69: secretaris.limburg@h-dcn.nl
2025-12-26 16:49:23,582 - INFO - Fixing password status for: secretaris.limburg@h-dcn.nl
2025-12-26 16:49:24,019 - ERROR - Error fixing password status for secretaris.limburg@h-dcn.nl: An error occurred (NotAuthorizedException) when calling the AdminConfirmSignUp operation: User cannot be confirmed. Current status is CONFIRMED
2025-12-26 16:49:24,220 - INFO - Progress: 15/69 users processed
2025-12-26 16:49:24,220 - INFO - Processing user 16/69: toercommissaris.groningen-drenthe@h-dcn.nl
2025-12-26 16:49:24,221 - INFO - Fixing password status for: toercommissaris.groningen-drenthe@h-dcn.nl
2025-12-26 16:49:24,629 - ERROR - Error fixing password status for toercommissaris.groningen-drenthe@h-dcn.nl: An error occurred (NotAuthorizedException) when calling the AdminConfirmSignUp operation: User cannot be confirmed. Current status is CONFIRMED
2025-12-26 16:49:24,831 - INFO - Processing user 17/69: voorzitter.groningen-drenthe@h-dcn.nl
2025-12-26 16:49:24,831 - INFO - Fixing password status for: voorzitter.groningen-drenthe@h-dcn.nl
2025-12-26 16:49:25,224 - ERROR - Error fixing password status for voorzitter.groningen-drenthe@h-dcn.nl: An error occurred (NotAuthorizedException) when calling the AdminConfirmSignUp operation: User cannot be confirmed. Current status is CONFIRMED
2025-12-26 16:49:25,425 - INFO - Processing user 18/69: algemeen1.limburg@h-dcn.nl
2025-12-26 16:49:25,425 - INFO - Fixing password status for: algemeen1.limburg@h-dcn.nl
2025-12-26 16:49:25,848 - ERROR - Error fixing password status for algemeen1.limburg@h-dcn.nl: An error occurred (NotAuthorizedException) when calling the AdminConfirmSignUp operation: User cannot be confirmed. Current status is CONFIRMED
2025-12-26 16:49:26,049 - INFO - Processing user 19/69: clubshop.limburg@h-dcn.nl
2025-12-26 16:49:26,049 - INFO - Fixing password status for: clubshop.limburg@h-dcn.nl
2025-12-26 16:49:26,477 - ERROR - Error fixing password status for clubshop.limburg@h-dcn.nl: An error occurred (NotAuthorizedException) when calling the AdminConfirmSignUp operation: User cannot be confirmed. Current status is CONFIRMED
2025-12-26 16:49:26,678 - INFO - Processing user 20/69: voorzitter.brabant-zeeland@h-dcn.nl
2025-12-26 16:49:26,678 - INFO - Fixing password status for: voorzitter.brabant-zeeland@h-dcn.nl
2025-12-26 16:49:27,083 - ERROR - Error fixing password status for voorzitter.brabant-zeeland@h-dcn.nl: An error occurred (NotAuthorizedException) when calling the AdminConfirmSignUp operation: User cannot be confirmed. Current status is CONFIRMED
2025-12-26 16:49:27,283 - INFO - Progress: 20/69 users processed
2025-12-26 16:49:27,283 - INFO - Processing user 21/69: secretaris@h-dcn.nl
2025-12-26 16:49:27,283 - INFO - Fixing password status for: secretaris@h-dcn.nl
2025-12-26 16:49:27,651 - ERROR - Error fixing password status for secretaris@h-dcn.nl: An error occurred (NotAuthorizedException) when calling the AdminConfirmSignUp operation: User cannot be confirmed. Current status is CONFIRMED
2025-12-26 16:49:27,853 - INFO - Processing user 22/69: acriviteiten.noordholland@h-dcn.nl
2025-12-26 16:49:27,853 - INFO - Fixing password status for: acriviteiten.noordholland@h-dcn.nl
2025-12-26 16:49:28,264 - ERROR - Error fixing password status for acriviteiten.noordholland@h-dcn.nl: An error occurred (NotAuthorizedException) when calling the AdminConfirmSignUp operation: User cannot be confirmed. Current status is CONFIRMED
2025-12-26 16:49:28,465 - INFO - Processing user 23/69: kimgeers@hotmail.com
2025-12-26 16:49:28,466 - INFO - Fixing password status for: kimgeers@hotmail.com
2025-12-26 16:49:28,872 - ERROR - Error fixing password status for kimgeers@hotmail.com: An error occurred (NotAuthorizedException) when calling the AdminConfirmSignUp operation: User cannot be confirmed. Current status is CONFIRMED
2025-12-26 16:49:29,073 - INFO - Processing user 24/69: media.oost@h-dcn.nl
2025-12-26 16:49:29,073 - INFO - Fixing password status for: media.oost@h-dcn.nl
2025-12-26 16:49:29,541 - ERROR - Error fixing password status for media.oost@h-dcn.nl: An error occurred (NotAuthorizedException) when calling the AdminConfirmSignUp operation: User cannot be confirmed. Current status is CONFIRMED
2025-12-26 16:49:29,742 - INFO - Processing user 25/69: voorzitter.noordholland@h-dcn.nl
2025-12-26 16:49:29,742 - INFO - Fixing password status for: voorzitter.noordholland@h-dcn.nl
2025-12-26 16:49:30,102 - ERROR - Error fixing password status for voorzitter.noordholland@h-dcn.nl: An error occurred (NotAuthorizedException) when calling the AdminConfirmSignUp operation: User cannot be confirmed. Current status is CONFIRMED
2025-12-26 16:49:30,303 - INFO - Progress: 25/69 users processed
2025-12-26 16:49:30,303 - INFO - Processing user 26/69: penningmeester.duitsland@h-dcn.nl
2025-12-26 16:49:30,304 - INFO - Fixing password status for: penningmeester.duitsland@h-dcn.nl
2025-12-26 16:49:30,675 - ERROR - Error fixing password status for penningmeester.duitsland@h-dcn.nl: An error occurred (NotAuthorizedException) when calling the AdminConfirmSignUp operation: User cannot be confirmed. Current status is CONFIRMED
2025-12-26 16:49:30,877 - INFO - Processing user 27/69: voorzitter.zuid-holland@h-dcn.nl
2025-12-26 16:49:30,877 - INFO - Fixing password status for: voorzitter.zuid-holland@h-dcn.nl
2025-12-26 16:49:31,281 - ERROR - Error fixing password status for voorzitter.zuid-holland@h-dcn.nl: An error occurred (NotAuthorizedException) when calling the AdminConfirmSignUp operation: User cannot be confirmed. Current status is CONFIRMED
2025-12-26 16:49:31,483 - INFO - Processing user 28/69: penningmeester.friesland@h-dcn.nl
2025-12-26 16:49:31,483 - INFO - Fixing password status for: penningmeester.friesland@h-dcn.nl
2025-12-26 16:49:31,910 - ERROR - Error fixing password status for penningmeester.friesland@h-dcn.nl: An error occurred (NotAuthorizedException) when calling the AdminConfirmSignUp operation: User cannot be confirmed. Current status is CONFIRMED
2025-12-26 16:49:32,115 - INFO - Processing user 29/69: voorzitter.friesland@h-dcn.nl
2025-12-26 16:49:32,115 - INFO - Fixing password status for: voorzitter.friesland@h-dcn.nl
2025-12-26 16:49:32,494 - ERROR - Error fixing password status for voorzitter.friesland@h-dcn.nl: An error occurred (NotAuthorizedException) when calling the AdminConfirmSignUp operation: User cannot be confirmed. Current status is CONFIRMED
2025-12-26 16:49:32,696 - INFO - Processing user 30/69: secretaris.groningen-drenthe@h-dcn.nl
2025-12-26 16:49:32,696 - INFO - Fixing password status for: secretaris.groningen-drenthe@h-dcn.nl
2025-12-26 16:49:33,075 - ERROR - Error fixing password status for secretaris.groningen-drenthe@h-dcn.nl: An error occurred (NotAuthorizedException) when calling the AdminConfirmSignUp operation: User cannot be confirmed. Current status is CONFIRMED
2025-12-26 16:49:33,276 - INFO - Progress: 30/69 users processed
2025-12-26 16:49:33,276 - INFO - Processing user 31/69: algemeen1.oost@h-dcn.nl
2025-12-26 16:49:33,276 - INFO - Fixing password status for: algemeen1.oost@h-dcn.nl
2025-12-26 16:49:33,678 - ERROR - Error fixing password status for algemeen1.oost@h-dcn.nl: An error occurred (NotAuthorizedException) when calling the AdminConfirmSignUp operation: User cannot be confirmed. Current status is CONFIRMED
2025-12-26 16:49:33,879 - INFO - Processing user 32/69: algemeen.oost@h-dcn.nl
2025-12-26 16:49:33,879 - INFO - Fixing password status for: algemeen.oost@h-dcn.nl
2025-12-26 16:49:34,286 - ERROR - Error fixing password status for algemeen.oost@h-dcn.nl: An error occurred (NotAuthorizedException) when calling the AdminConfirmSignUp operation: User cannot be confirmed. Current status is CONFIRMED
2025-12-26 16:49:34,487 - INFO - Processing user 33/69: secretaris.utrecht@h-dcn.nl
2025-12-26 16:49:34,489 - INFO - Fixing password status for: secretaris.utrecht@h-dcn.nl
2025-12-26 16:49:34,910 - ERROR - Error fixing password status for secretaris.utrecht@h-dcn.nl: An error occurred (NotAuthorizedException) when calling the AdminConfirmSignUp operation: User cannot be confirmed. Current status is CONFIRMED
2025-12-26 16:49:35,111 - INFO - Processing user 34/69: test.rolechange@hdcn-test.nl
2025-12-26 16:49:35,111 - INFO - Fixing password status for: test.rolechange@hdcn-test.nl
2025-12-26 16:49:35,483 - ERROR - Error fixing password status for test.rolechange@hdcn-test.nl: An error occurred (NotAuthorizedException) when calling the AdminConfirmSignUp operation: User cannot be confirmed. Current status is CONFIRMED
2025-12-26 16:49:35,684 - INFO - Processing user 35/69: voorzitter.utrecht@h-dcn.nl
2025-12-26 16:49:35,689 - INFO - Fixing password status for: voorzitter.utrecht@h-dcn.nl
2025-12-26 16:49:36,011 - ERROR - Error fixing password status for voorzitter.utrecht@h-dcn.nl: An error occurred (NotAuthorizedException) when calling the AdminConfirmSignUp operation: User cannot be confirmed. Current status is CONFIRMED
2025-12-26 16:49:36,212 - INFO - Progress: 35/69 users processed
2025-12-26 16:49:36,212 - INFO - Processing user 36/69: webmaster.zuid-holland@h-dcn.nl
2025-12-26 16:49:36,212 - INFO - Fixing password status for: webmaster.zuid-holland@h-dcn.nl
2025-12-26 16:49:36,592 - ERROR - Error fixing password status for webmaster.zuid-holland@h-dcn.nl: An error occurred (NotAuthorizedException) when calling the AdminConfirmSignUp operation: User cannot be confirmed. Current status is CONFIRMED
2025-12-26 16:49:36,793 - INFO - Processing user 37/69: penningmeester.oost@h-dcn.nl
2025-12-26 16:49:36,794 - INFO - Fixing password status for: penningmeester.oost@h-dcn.nl
2025-12-26 16:49:37,353 - ERROR - Error fixing password status for penningmeester.oost@h-dcn.nl: An error occurred (NotAuthorizedException) when calling the AdminConfirmSignUp operation: User cannot be confirmed. Current status is CONFIRMED
2025-12-26 16:49:37,554 - INFO - Processing user 38/69: toercommissaris.oost@h-dcn.nl
2025-12-26 16:49:37,554 - INFO - Fixing password status for: toercommissaris.oost@h-dcn.nl
2025-12-26 16:49:38,046 - ERROR - Error fixing password status for toercommissaris.oost@h-dcn.nl: An error occurred (NotAuthorizedException) when calling the AdminConfirmSignUp operation: User cannot be confirmed. Current status is CONFIRMED
2025-12-26 16:49:38,247 - INFO - Processing user 39/69: webmaster@h-dcn.nl
2025-12-26 16:49:38,247 - INFO - Fixing password status for: webmaster@h-dcn.nl
2025-12-26 16:49:38,963 - ERROR - Error fixing password status for webmaster@h-dcn.nl: An error occurred (NotAuthorizedException) when calling the AdminConfirmSignUp operation: User cannot be confirmed. Current status is CONFIRMED
2025-12-26 16:49:39,164 - INFO - Processing user 40/69: robstolkerring@h-dcn.nl
2025-12-26 16:49:39,164 - INFO - Fixing password status for: robstolkerring@h-dcn.nl
2025-12-26 16:49:39,678 - ERROR - Error fixing password status for robstolkerring@h-dcn.nl: An error occurred (NotAuthorizedException) when calling the AdminConfirmSignUp operation: User cannot be confirmed. Current status is CONFIRMED
2025-12-26 16:49:39,879 - INFO - Progress: 40/69 users processed
2025-12-26 16:49:39,879 - INFO - Processing user 41/69: voorzitter.limburg@h-dcn.nl
2025-12-26 16:49:39,879 - INFO - Fixing password status for: voorzitter.limburg@h-dcn.nl
2025-12-26 16:49:40,289 - ERROR - Error fixing password status for voorzitter.limburg@h-dcn.nl: An error occurred (NotAuthorizedException) when calling the AdminConfirmSignUp operation: User cannot be confirmed. Current status is CONFIRMED
2025-12-26 16:49:40,489 - INFO - Processing user 42/69: penningmeester.groningen-drenthe@h-dcn.nl
2025-12-26 16:49:40,490 - INFO - Fixing password status for: penningmeester.groningen-drenthe@h-dcn.nl
2025-12-26 16:49:40,875 - ERROR - Error fixing password status for penningmeester.groningen-drenthe@h-dcn.nl: An error occurred (NotAuthorizedException) when calling the AdminConfirmSignUp operation: User cannot be confirmed. Current status is CONFIRMED
2025-12-26 16:49:41,076 - INFO - Processing user 43/69: peter.geers@live.nl
2025-12-26 16:49:41,076 - INFO - Fixing password status for: peter.geers@live.nl
2025-12-26 16:49:41,496 - ERROR - Error fixing password status for peter.geers@live.nl: An error occurred (NotAuthorizedException) when calling the AdminConfirmSignUp operation: User cannot be confirmed. Current status is CONFIRMED
2025-12-26 16:49:41,700 - INFO - Processing user 44/69: algemeen.limburg@h-dcn.nl
2025-12-26 16:49:41,700 - INFO - Fixing password status for: algemeen.limburg@h-dcn.nl
2025-12-26 16:49:42,138 - ERROR - Error fixing password status for algemeen.limburg@h-dcn.nl: An error occurred (NotAuthorizedException) when calling the AdminConfirmSignUp operation: User cannot be confirmed. Current status is CONFIRMED
2025-12-26 16:49:42,339 - INFO - Processing user 45/69: voorzitter.oost@h-dcn.nl
2025-12-26 16:49:42,340 - INFO - Fixing password status for: voorzitter.oost@h-dcn.nl
2025-12-26 16:49:42,715 - ERROR - Error fixing password status for voorzitter.oost@h-dcn.nl: An error occurred (NotAuthorizedException) when calling the AdminConfirmSignUp operation: User cannot be confirmed. Current status is CONFIRMED
2025-12-26 16:49:42,917 - INFO - Progress: 45/69 users processed
2025-12-26 16:49:42,920 - INFO - Processing user 46/69: algemeen.noordholland@h-dcn.nl
2025-12-26 16:49:42,920 - INFO - Fixing password status for: algemeen.noordholland@h-dcn.nl
2025-12-26 16:49:43,333 - ERROR - Error fixing password status for algemeen.noordholland@h-dcn.nl: An error occurred (NotAuthorizedException) when calling the AdminConfirmSignUp operation: User cannot be confirmed. Current status is CONFIRMED
2025-12-26 16:49:43,535 - INFO - Processing user 47/69: clubblad@h-dcn.nl
2025-12-26 16:49:43,535 - INFO - Fixing password status for: clubblad@h-dcn.nl
2025-12-26 16:49:43,993 - ERROR - Error fixing password status for clubblad@h-dcn.nl: An error occurred (NotAuthorizedException) when calling the AdminConfirmSignUp operation: User cannot be confirmed. Current status is CONFIRMED
2025-12-26 16:49:44,195 - INFO - Processing user 48/69: toercommissaris.noordholland@h-dcn.nl
2025-12-26 16:49:44,196 - INFO - Fixing password status for: toercommissaris.noordholland@h-dcn.nl
2025-12-26 16:49:44,492 - ERROR - Error fixing password status for toercommissaris.noordholland@h-dcn.nl: An error occurred (NotAuthorizedException) when calling the AdminConfirmSignUp operation: User cannot be confirmed. Current status is CONFIRMED
2025-12-26 16:49:44,694 - INFO - Processing user 49/69: tourcommissie.zuid-holland@h-dcn.nl
2025-12-26 16:49:44,694 - INFO - Fixing password status for: tourcommissie.zuid-holland@h-dcn.nl
2025-12-26 16:49:45,111 - ERROR - Error fixing password status for tourcommissie.zuid-holland@h-dcn.nl: An error occurred (NotAuthorizedException) when calling the AdminConfirmSignUp operation: User cannot be confirmed. Current status is CONFIRMED
2025-12-26 16:49:45,311 - INFO - Processing user 50/69: penningmeester.brabantzeeland@h-dcn.nl
2025-12-26 16:49:45,311 - INFO - Fixing password status for: penningmeester.brabantzeeland@h-dcn.nl
2025-12-26 16:49:45,645 - ERROR - Error fixing password status for penningmeester.brabantzeeland@h-dcn.nl: An error occurred (NotAuthorizedException) when calling the AdminConfirmSignUp operation: User cannot be confirmed. Current status is CONFIRMED
2025-12-26 16:49:45,846 - INFO - Progress: 50/69 users processed
2025-12-26 16:49:45,848 - INFO - Processing user 51/69: penningmeester.utrecht@h-dcn.nl
2025-12-26 16:49:45,848 - INFO - Fixing password status for: penningmeester.utrecht@h-dcn.nl
2025-12-26 16:49:46,245 - ERROR - Error fixing password status for penningmeester.utrecht@h-dcn.nl: An error occurred (NotAuthorizedException) when calling the AdminConfirmSignUp operation: User cannot be confirmed. Current status is CONFIRMED
2025-12-26 16:49:46,447 - INFO - Processing user 52/69: vrijwilligers.utrecht@h-dcn.nl
2025-12-26 16:49:46,447 - INFO - Fixing password status for: vrijwilligers.utrecht@h-dcn.nl
2025-12-26 16:49:46,839 - ERROR - Error fixing password status for vrijwilligers.utrecht@h-dcn.nl: An error occurred (NotAuthorizedException) when calling the AdminConfirmSignUp operation: User cannot be confirmed. Current status is CONFIRMED
2025-12-26 16:49:47,040 - INFO - Processing user 53/69: voorzitter.duitsland@h-dcn.nl
2025-12-26 16:49:47,041 - INFO - Fixing password status for: voorzitter.duitsland@h-dcn.nl
2025-12-26 16:49:47,457 - ERROR - Error fixing password status for voorzitter.duitsland@h-dcn.nl: An error occurred (NotAuthorizedException) when calling the AdminConfirmSignUp operation: User cannot be confirmed. Current status is CONFIRMED
2025-12-26 16:49:47,666 - INFO - Processing user 54/69: toercommissie@h-dcn.nl
2025-12-26 16:49:47,666 - INFO - Fixing password status for: toercommissie@h-dcn.nl
2025-12-26 16:49:48,047 - ERROR - Error fixing password status for toercommissie@h-dcn.nl: An error occurred (NotAuthorizedException) when calling the AdminConfirmSignUp operation: User cannot be confirmed. Current status is CONFIRMED
2025-12-26 16:49:48,248 - INFO - Processing user 55/69: test.regular@hdcn-test.nl
2025-12-26 16:49:48,248 - INFO - Fixing password status for: test.regular@hdcn-test.nl
2025-12-26 16:49:48,623 - ERROR - Error fixing password status for test.regular@hdcn-test.nl: An error occurred (NotAuthorizedException) when calling the AdminConfirmSignUp operation: User cannot be confirmed. Current status is CONFIRMED
2025-12-26 16:49:48,824 - INFO - Progress: 55/69 users processed
2025-12-26 16:49:48,825 - INFO - Processing user 56/69: peter@pgeers.nl
2025-12-26 16:49:48,825 - INFO - Fixing password status for: peter@pgeers.nl
2025-12-26 16:49:49,171 - ERROR - Error fixing password status for peter@pgeers.nl: An error occurred (NotAuthorizedException) when calling the AdminConfirmSignUp operation: User cannot be confirmed. Current status is CONFIRMED
2025-12-26 16:49:49,372 - INFO - Processing user 57/69: test.webmaster@hdcn-test.nl
2025-12-26 16:49:49,372 - INFO - Fixing password status for: test.webmaster@hdcn-test.nl
2025-12-26 16:49:49,680 - ERROR - Error fixing password status for test.webmaster@hdcn-test.nl: An error occurred (NotAuthorizedException) when calling the AdminConfirmSignUp operation: User cannot be confirmed. Current status is CONFIRMED
2025-12-26 16:49:49,881 - INFO - Processing user 58/69: peter@jabaki.nl
2025-12-26 16:49:49,881 - INFO - Fixing password status for: peter@jabaki.nl
2025-12-26 16:49:50,219 - ERROR - Error fixing password status for peter@jabaki.nl: An error occurred (NotAuthorizedException) when calling the AdminConfirmSignUp operation: User cannot be confirmed. Current status is CONFIRMED
2025-12-26 16:49:50,420 - INFO - Processing user 59/69: vrijwilligers@h-dcn.nl
2025-12-26 16:49:50,421 - INFO - Fixing password status for: vrijwilligers@h-dcn.nl
2025-12-26 16:49:50,753 - ERROR - Error fixing password status for vrijwilligers@h-dcn.nl: An error occurred (NotAuthorizedException) when calling the AdminConfirmSignUp operation: User cannot be confirmed. Current status is CONFIRMED
2025-12-26 16:49:50,955 - INFO - Processing user 60/69: algemeen.duitsland@h-dcn.nl
2025-12-26 16:49:50,957 - INFO - Fixing password status for: algemeen.duitsland@h-dcn.nl
2025-12-26 16:49:51,339 - ERROR - Error fixing password status for algemeen.duitsland@h-dcn.nl: An error occurred (NotAuthorizedException) when calling the AdminConfirmSignUp operation: User cannot be confirmed. Current status is CONFIRMED
2025-12-26 16:49:51,540 - INFO - Progress: 60/69 users processed
2025-12-26 16:49:51,540 - INFO - Processing user 61/69: penningmeester.noordholland@h-dcn.nl
2025-12-26 16:49:51,540 - INFO - Fixing password status for: penningmeester.noordholland@h-dcn.nl
2025-12-26 16:49:51,896 - ERROR - Error fixing password status for penningmeester.noordholland@h-dcn.nl: An error occurred (NotAuthorizedException) when calling the AdminConfirmSignUp operation: User cannot be confirmed. Current status is CONFIRMED
2025-12-26 16:49:52,098 - INFO - Processing user 62/69: avs.duitsland@h-dcn.nl
2025-12-26 16:49:52,099 - INFO - Fixing password status for: avs.duitsland@h-dcn.nl
2025-12-26 16:49:52,414 - ERROR - Error fixing password status for avs.duitsland@h-dcn.nl: An error occurred (NotAuthorizedException) when calling the AdminConfirmSignUp operation: User cannot be confirmed. Current status is CONFIRMED
2025-12-26 16:49:52,616 - INFO - Processing user 63/69: penningmeester@h-dcn.nl
2025-12-26 16:49:52,633 - INFO - Fixing password status for: penningmeester@h-dcn.nl
2025-12-26 16:49:53,045 - ERROR - Error fixing password status for penningmeester@h-dcn.nl: An error occurred (NotAuthorizedException) when calling the AdminConfirmSignUp operation: User cannot be confirmed. Current status is CONFIRMED
2025-12-26 16:49:53,246 - INFO - Processing user 64/69: secretaris.zuid-holland@h-dcn.nl
2025-12-26 16:49:53,246 - INFO - Fixing password status for: secretaris.zuid-holland@h-dcn.nl
2025-12-26 16:49:53,661 - ERROR - Error fixing password status for secretaris.zuid-holland@h-dcn.nl: An error occurred (NotAuthorizedException) when calling the AdminConfirmSignUp operation: User cannot be confirmed. Current status is CONFIRMED
2025-12-26 16:49:53,864 - INFO - Processing user 65/69: secretaris.oost@h-dcn.nl
2025-12-26 16:49:53,865 - INFO - Fixing password status for: secretaris.oost@h-dcn.nl
2025-12-26 16:49:54,243 - ERROR - Error fixing password status for secretaris.oost@h-dcn.nl: An error occurred (NotAuthorizedException) when calling the AdminConfirmSignUp operation: User cannot be confirmed. Current status is CONFIRMED
2025-12-26 16:49:54,445 - INFO - Progress: 65/69 users processed
2025-12-26 16:49:54,445 - INFO - Processing user 66/69: secretaris.noordholland@h-dcn.nl
2025-12-26 16:49:54,446 - INFO - Fixing password status for: secretaris.noordholland@h-dcn.nl
2025-12-26 16:49:54,728 - ERROR - Error fixing password status for secretaris.noordholland@h-dcn.nl: An error occurred (NotAuthorizedException) when calling the AdminConfirmSignUp operation: User cannot be confirmed. Current status is CONFIRMED
2025-12-26 16:49:54,929 - INFO - Processing user 67/69: test.chairman@hdcn-test.nl
2025-12-26 16:49:54,929 - INFO - Fixing password status for: test.chairman@hdcn-test.nl
2025-12-26 16:49:55,258 - ERROR - Error fixing password status for test.chairman@hdcn-test.nl: An error occurred (NotAuthorizedException) when calling the AdminConfirmSignUp operation: User cannot be confirmed. Current status is CONFIRMED
2025-12-26 16:49:55,459 - INFO - Processing user 68/69: merchandise.noordholland@h-dcn.nl
2025-12-26 16:49:55,459 - INFO - Fixing password status for: merchandise.noordholland@h-dcn.nl
2025-12-26 16:49:55,828 - ERROR - Error fixing password status for merchandise.noordholland@h-dcn.nl: An error occurred (NotAuthorizedException) when calling the AdminConfirmSignUp operation: User cannot be confirmed. Current status is CONFIRMED
2025-12-26 16:49:56,029 - INFO - Processing user 69/69: toercommissaris.utrecht@h-dcn.nl
2025-12-26 16:49:56,029 - INFO - Fixing password status for: toercommissaris.utrecht@h-dcn.nl
2025-12-26 16:49:56,427 - ERROR - Error fixing password status for toercommissaris.utrecht@h-dcn.nl: An error occurred (NotAuthorizedException) when calling the AdminConfirmSignUp operation: User cannot be confirmed. Current status is CONFIRMED
2025-12-26 16:49:56,630 - INFO - Password status fix process completed!
2025-12-26 16:49:56,630 - INFO - Verification results: 0/0 users fully verified
2025-12-26 16:49:56,637 - INFO - Fix report saved to: password_fix_report_20251226_164956.txt
