2025-12-25 18:48:38,897 - INFO - Found credentials in shared credentials file: ~/.aws/credentials
2025-12-25 18:48:39,000 - INFO - Starting user migration process...
2025-12-25 18:48:39,001 - INFO - Retrieving users from old pool: eu-west-1_VtKQHhXGN
2025-12-25 18:48:39,662 - INFO - Retrieved 60 users so far...
2025-12-25 18:48:39,798 - INFO - Total users retrieved from old pool: 66
2025-12-25 18:48:39,799 - INFO - Starting migration of 66 users...
2025-12-25 18:48:39,799 - INFO - Migrating user 1/66
2025-12-25 18:48:40,899 - INFO - Created user: clubshop.limburg@h-dcn.nl
2025-12-25 18:48:41,310 - INFO - Migrating user 2/66
2025-12-25 18:48:42,201 - INFO - Created user: toercommissaris.utrecht@h-dcn.nl
2025-12-25 18:48:42,485 - INFO - Migrating user 3/66
2025-12-25 18:48:43,357 - INFO - Created user: secretaris.groningen-drenthe@h-dcn.nl
2025-12-25 18:48:43,699 - INFO - Migrating user 4/66
2025-12-25 18:48:44,592 - INFO - Created user: voorzitter.groningen-drenthe@h-dcn.nl
2025-12-25 18:48:44,992 - INFO - Migrating user 5/66
2025-12-25 18:48:45,782 - INFO - Created user: merchandise.noordholland@h-dcn.nl
2025-12-25 18:48:46,119 - INFO - Migrating user 6/66
2025-12-25 18:48:46,888 - INFO - Created user: algemeen.oost@h-dcn.nl
2025-12-25 18:48:47,196 - INFO - Migrating user 7/66
2025-12-25 18:48:47,966 - INFO - Created user: penningmeester.zuid-holland@h-dcn.nl
2025-12-25 18:48:48,248 - INFO - Migrating user 8/66
2025-12-25 18:48:48,989 - INFO - Created user: tourcommissie.zuid-holland@h-dcn.nl
2025-12-25 18:48:49,299 - INFO - Migrating user 9/66
2025-12-25 18:48:50,116 - INFO - Created user: voorzitter.friesland@h-dcn.nl
2025-12-25 18:48:50,474 - INFO - Migrating user 10/66
2025-12-25 18:48:51,227 - INFO - Created user: penningmeester.noordholland@h-dcn.nl
2025-12-25 18:48:51,495 - INFO - Progress: 10/66 users processed
2025-12-25 18:48:51,495 - INFO - Migrating user 11/66
2025-12-25 18:48:52,209 - INFO - Created user: algemeen.noordholland@h-dcn.nl
2025-12-25 18:48:52,541 - INFO - Migrating user 12/66
2025-12-25 18:48:53,290 - INFO - Created user: avs.duitsland@h-dcn.nl
2025-12-25 18:48:53,667 - INFO - Migrating user 13/66
2025-12-25 18:48:54,415 - INFO - Created user: robstolkerring@h-dcn.nl
2025-12-25 18:48:54,720 - INFO - Migrating user 14/66
2025-12-25 18:48:55,543 - INFO - Created user: penningmeester.brabantzeeland@h-dcn.nl
2025-12-25 18:48:55,887 - INFO - Migrating user 15/66
2025-12-25 18:48:56,681 - INFO - Created user: web.friesland@h-dcn.nl
2025-12-25 18:48:57,017 - INFO - Migrating user 16/66
2025-12-25 18:48:57,795 - INFO - Created user: penningmeester.duitsland@h-dcn.nl
2025-12-25 18:48:58,125 - INFO - Migrating user 17/66
2025-12-25 18:48:58,923 - INFO - Created user: voorzitter.brabant-zeeland@h-dcn.nl
2025-12-25 18:48:59,226 - INFO - Migrating user 18/66
2025-12-25 18:49:00,048 - INFO - Created user: kimgeers@hotmail.com
2025-12-25 18:49:00,396 - INFO - Migrating user 19/66
2025-12-25 18:49:01,216 - INFO - Created user: secretaris@h-dcn.nl
2025-12-25 18:49:01,536 - INFO - Migrating user 20/66
2025-12-25 18:49:02,307 - INFO - Created user: penningmeester.friesland@h-dcn.nl
2025-12-25 18:49:02,638 - INFO - Progress: 20/66 users processed
2025-12-25 18:49:02,638 - INFO - Migrating user 21/66
2025-12-25 18:49:03,319 - INFO - Created user: vice-president@h-dcn.nl
2025-12-25 18:49:03,625 - INFO - Migrating user 22/66
2025-12-25 18:49:04,309 - INFO - Created user: secretaris.noordholland@h-dcn.nl
2025-12-25 18:49:04,655 - INFO - Migrating user 23/66
2025-12-25 18:49:05,484 - INFO - Created user: toercommissie@h-dcn.nl
2025-12-25 18:49:05,898 - INFO - Migrating user 24/66
2025-12-25 18:49:06,705 - INFO - Created user: algemeen1.oost@h-dcn.nl
2025-12-25 18:49:07,008 - INFO - Migrating user 25/66
2025-12-25 18:49:07,821 - INFO - Created user: toercommissaris.noordholland@h-dcn.nl
2025-12-25 18:49:08,134 - INFO - Migrating user 26/66
2025-12-25 18:49:08,918 - INFO - Created user: ledenadministratie@h-dcn.nl
2025-12-25 18:49:09,250 - INFO - Migrating user 27/66
2025-12-25 18:49:10,084 - INFO - Created user: voorzitter.limburg@h-dcn.nl
2025-12-25 18:49:10,368 - INFO - Migrating user 28/66
2025-12-25 18:49:11,107 - INFO - Created user: penningmeester@h-dcn.nl
2025-12-25 18:49:11,469 - INFO - Migrating user 29/66
2025-12-25 18:49:12,336 - INFO - Created user: voorzitter.utrecht@h-dcn.nl
2025-12-25 18:49:12,617 - INFO - Migrating user 30/66
2025-12-25 18:49:13,258 - INFO - Created user: clubsjop@h-dcn.nl
2025-12-25 18:49:13,666 - INFO - Progress: 30/66 users processed
2025-12-25 18:49:13,666 - INFO - Migrating user 31/66
2025-12-25 18:49:14,525 - INFO - Created user: hulpje.penningmeester@h-dcn.nl
2025-12-25 18:49:14,809 - INFO - Migrating user 32/66
2025-12-25 18:49:15,487 - INFO - Created user: peter@jabaki.nl
2025-12-25 18:49:15,815 - INFO - Migrating user 33/66
2025-12-25 18:49:16,637 - INFO - Created user: vrijwilligers.utrecht@h-dcn.nl
2025-12-25 18:49:16,943 - INFO - Migrating user 34/66
2025-12-25 18:49:17,661 - INFO - Created user: voorzitter.duitsland@h-dcn.nl
2025-12-25 18:49:17,966 - INFO - Migrating user 35/66
2025-12-25 18:49:18,638 - INFO - Created user: algemeen.duitsland@h-dcn.nl
2025-12-25 18:49:18,990 - INFO - Migrating user 36/66
2025-12-25 18:49:19,812 - INFO - Created user: Ilovepapa@pgeers.nl
2025-12-25 18:49:20,219 - INFO - Migrating user 37/66
2025-12-25 18:49:20,896 - INFO - Created user: secretaris.duitsland@h-dcn.nl
2025-12-25 18:49:21,243 - INFO - Migrating user 38/66
2025-12-25 18:49:21,963 - INFO - Created user: secretaris.zuid-holland@h-dcn.nl
2025-12-25 18:49:22,370 - INFO - Migrating user 39/66
2025-12-25 18:49:23,095 - INFO - Created user: penningmeester.oost@h-dcn.nl
2025-12-25 18:49:23,395 - INFO - Migrating user 40/66
2025-12-25 18:49:24,087 - INFO - Created user: penningmeester.limburg@h-dcn.nl
2025-12-25 18:49:24,365 - INFO - Progress: 40/66 users processed
2025-12-25 18:49:24,365 - INFO - Migrating user 41/66
2025-12-25 18:49:25,033 - INFO - Created user: algemeen.limburg@h-dcn.nl
2025-12-25 18:49:25,344 - INFO - Migrating user 42/66
2025-12-25 18:49:26,163 - INFO - Created user: redacteur@h-dcn.nl
2025-12-25 18:49:26,569 - INFO - Migrating user 43/66
2025-12-25 18:49:27,294 - INFO - Created user: nyp@h-dcn.nl
2025-12-25 18:49:27,694 - INFO - Migrating user 44/66
2025-12-25 18:49:28,413 - INFO - Created user: clubblad@h-dcn.nl
2025-12-25 18:49:28,677 - INFO - Migrating user 45/66
2025-12-25 18:49:29,368 - INFO - Created user: secretaris.friesland@h-dcn.nl
2025-12-25 18:49:29,743 - INFO - Migrating user 46/66
2025-12-25 18:49:30,397 - INFO - Created user: toercommissaris.groningen-drenthe@h-dcn.nl
2025-12-25 18:49:30,723 - INFO - Migrating user 47/66
2025-12-25 18:49:31,467 - INFO - Created user: vrijwilligers@h-dcn.nl
2025-12-25 18:49:31,741 - INFO - Migrating user 48/66
2025-12-25 18:49:32,509 - INFO - Created user: secretaris.oost@h-dcn.nl
2025-12-25 18:49:32,849 - INFO - Migrating user 49/66
2025-12-25 18:49:33,459 - INFO - Created user: penningmeester.groningen-drenthe@h-dcn.nl
2025-12-25 18:49:33,795 - INFO - Migrating user 50/66
2025-12-25 18:49:34,391 - INFO - Created user: president@h-dcn.nl
2025-12-25 18:49:34,704 - INFO - Progress: 50/66 users processed
2025-12-25 18:49:34,704 - INFO - Migrating user 51/66
2025-12-25 18:49:35,480 - INFO - Created user: media.oost@h-dcn.nl
2025-12-25 18:49:35,784 - INFO - Migrating user 52/66
2025-12-25 18:49:36,617 - INFO - Created user: webmaster@h-dcn.nl
2025-12-25 18:49:36,919 - INFO - Migrating user 53/66
2025-12-25 18:49:37,630 - INFO - Created user: peter.geers@live.nl
2025-12-25 18:49:37,934 - INFO - Migrating user 54/66
2025-12-25 18:49:38,757 - INFO - Created user: toercommissaris.oost@h-dcn.nl
2025-12-25 18:49:39,060 - INFO - Migrating user 55/66
2025-12-25 18:49:39,781 - INFO - Created user: peter@pgeers.nl
2025-12-25 18:49:40,188 - INFO - Migrating user 56/66
2025-12-25 18:49:40,804 - INFO - Created user: secretaris.noordbrabant-zeeland@h-dcn.nl
2025-12-25 18:49:41,108 - INFO - Migrating user 57/66
2025-12-25 18:49:41,728 - INFO - Created user: activiteiten.duitsland@h-dcn.nl
2025-12-25 18:49:42,030 - INFO - Migrating user 58/66
2025-12-25 18:49:42,684 - INFO - Created user: secretaris.limburg@h-dcn.nl
2025-12-25 18:49:43,057 - INFO - Migrating user 59/66
2025-12-25 18:49:43,826 - INFO - Created user: webmaster.zuid-holland@h-dcn.nl
2025-12-25 18:49:44,181 - INFO - Migrating user 60/66
2025-12-25 18:49:45,005 - INFO - Created user: voorzitter.oost@h-dcn.nl
2025-12-25 18:49:45,314 - INFO - Progress: 60/66 users processed
2025-12-25 18:49:45,315 - INFO - Migrating user 61/66
2025-12-25 18:49:46,099 - INFO - Created user: algemeen1.limburg@h-dcn.nl
2025-12-25 18:49:46,433 - INFO - Migrating user 62/66
2025-12-25 18:49:47,079 - INFO - Created user: voorzitter.zuid-holland@h-dcn.nl
2025-12-25 18:49:47,355 - INFO - Migrating user 63/66
2025-12-25 18:49:48,169 - INFO - Created user: voorzitter.noordholland@h-dcn.nl
2025-12-25 18:49:48,445 - INFO - Migrating user 64/66
2025-12-25 18:49:49,200 - INFO - Created user: acriviteiten.noordholland@h-dcn.nl
2025-12-25 18:49:49,504 - INFO - Migrating user 65/66
2025-12-25 18:49:50,229 - INFO - Created user: penningmeester.utrecht@h-dcn.nl
2025-12-25 18:49:50,518 - INFO - Migrating user 66/66
2025-12-25 18:49:51,167 - INFO - Created user: secretaris.utrecht@h-dcn.nl
2025-12-25 18:49:51,459 - INFO - Migration process completed!
2025-12-25 18:49:51,460 - INFO - Migration report saved to: migration_report_20251225_184951.txt
